2025-03-30 23:36:13,385 - INFO - Schema for table_OPEC: {'VOL': 'VARCHAR', 'start_date': 'DATE', 'end_date': 'DATE'}
2025-03-30 23:36:16,408 - INFO - Schema for table_MADMACS: {'hire_date': 'DATE', 'employee_cnt': 'INTEGER'}
2025-03-30 23:36:19,848 - INFO - Schema for table_MADMACS: {'hire_date': 'DATE', 'employee_cnt': 'INTEGER'}
2025-03-30 23:36:19,874 - INFO - Fetched 0 rows from table_MADMACS
2025-03-30 23:36:27,496 - INFO - Schema for table_MADMACS: {'hire_date': 'DATE', 'employee_cnt': 'INTEGER'}
2025-03-30 23:36:30,385 - INFO - Schema for table_MADMACS: {'hire_date': 'DATE', 'employee_cnt': 'INTEGER'}
2025-03-30 23:36:32,518 - INFO - Schema for table_MADMACS: {'hire_date': 'DATE', 'employee_cnt': 'INTEGER'}
2025-03-30 23:36:37,131 - INFO - Schema for table_MADMACS: {'hire_date': 'DATE', 'employee_cnt': 'INTEGER'}
2025-03-30 23:36:37,162 - INFO - Fetched 25 rows from table_MADMACS
2025-03-30 23:36:48,951 - INFO - Schema for table_MADMACS: {'hire_date': 'DATE', 'employee_cnt': 'INTEGER'}
2025-03-30 23:36:50,431 - INFO - Schema for table_MADMACS: {'hire_date': 'DATE', 'employee_cnt': 'INTEGER'}
2025-03-30 23:36:50,460 - INFO - Fetched 25 rows from table_MADMACS
2025-03-30 23:37:33,650 - INFO - Schema for table_MADMACS: {'hire_date': 'DATE', 'employee_cnt': 'INTEGER'}
2025-03-30 23:37:35,303 - INFO - Schema for table_MADMACS: {'hire_date': 'DATE', 'employee_cnt': 'INTEGER'}
2025-03-30 23:37:35,328 - INFO - Fetched 25 rows from table_MADMACS
2025-03-30 23:37:56,184 - INFO - Schema for table_MADMACS: {'hire_date': 'DATE', 'employee_cnt': 'INTEGER'}
2025-03-30 23:37:57,586 - INFO - Schema for table_MADMACS: {'hire_date': 'DATE', 'employee_cnt': 'INTEGER'}
2025-03-30 23:37:57,611 - INFO - Fetched 25 rows from table_MADMACS
2025-03-30 23:38:01,794 - INFO - Schema for table_MADMACS: {'hire_date': 'DATE', 'employee_cnt': 'INTEGER'}
2025-03-30 23:38:03,047 - INFO - Schema for table_MADMACS: {'hire_date': 'DATE', 'employee_cnt': 'INTEGER'}
2025-03-30 23:38:03,064 - INFO - Fetched 25 rows from table_MADMACS
2025-03-30 23:38:32,248 - INFO - Schema for table_MADMACS: {'hire_date': 'DATE', 'employee_cnt': 'INTEGER'}
2025-03-30 23:38:33,714 - INFO - Schema for table_MADMACS: {'hire_date': 'DATE', 'employee_cnt': 'INTEGER'}
2025-03-30 23:38:33,731 - INFO - Fetched 25 rows from table_MADMACS
2025-03-30 23:40:51,101 - INFO - Schema for table_MADMACS: {'hire_date': 'DATE', 'employee_cnt': 'INTEGER'}
2025-03-30 23:41:06,251 - INFO - Schema for table_MADMACS: {'hire_date': 'DATE', 'employee_cnt': 'INTEGER'}
2025-03-30 23:41:06,314 - INFO - Schema for table_MADMACS: {'hire_date': 'DATE', 'employee_cnt': 'INTEGER'}
2025-03-30 23:41:06,350 - INFO - Fetched 25 rows from table_MADMACS
2025-03-30 23:41:07,822 - INFO - Schema for table_MADMACS: {'hire_date': 'DATE', 'employee_cnt': 'INTEGER'}
2025-03-30 23:41:09,201 - INFO - Schema for table_MADMACS: {'hire_date': 'DATE', 'employee_cnt': 'INTEGER'}
2025-03-30 23:41:09,235 - INFO - Fetched 25 rows from table_MADMACS
2025-03-30 23:41:13,078 - INFO - Schema for table_MADMACS: {'hire_date': 'DATE', 'employee_cnt': 'INTEGER'}
2025-03-30 23:41:13,110 - INFO - Fetched 25 rows from table_MADMACS
2025-03-30 23:42:17,391 - INFO - Schema for table_MADMACS: {'hire_date': 'DATE', 'employee_cnt': 'INTEGER'}
2025-03-30 23:42:19,193 - INFO - Schema for table_MADMACS: {'hire_date': 'DATE', 'employee_cnt': 'INTEGER'}
2025-03-30 23:42:19,222 - INFO - Fetched 25 rows from table_MADMACS
2025-03-30 23:42:21,780 - INFO - Schema for table_MADMACS: {'hire_date': 'DATE', 'employee_cnt': 'INTEGER'}
2025-03-30 23:42:23,985 - INFO - Schema for table_MADMACS: {'hire_date': 'DATE', 'employee_cnt': 'INTEGER'}
2025-03-30 23:42:24,017 - INFO - Fetched 25 rows from table_MADMACS
2025-03-30 23:42:54,928 - INFO - Schema for table_OPEC: {'VOL': 'VARCHAR', 'start_date': 'DATE', 'end_date': 'DATE'}
2025-03-30 23:42:56,519 - INFO - Schema for table_OPEC: {'VOL': 'VARCHAR', 'start_date': 'DATE', 'end_date': 'DATE'}
2025-03-30 23:42:56,539 - INFO - Fetched 0 rows from table_OPEC
2025-03-30 23:43:01,914 - INFO - Schema for table_OPEC: {'VOL': 'VARCHAR', 'start_date': 'DATE', 'end_date': 'DATE'}
2025-03-30 23:43:03,702 - INFO - Schema for table_OPEC: {'VOL': 'VARCHAR', 'start_date': 'DATE', 'end_date': 'DATE'}
2025-03-30 23:43:03,727 - INFO - Fetched 0 rows from table_OPEC
2025-03-30 23:43:06,543 - INFO - Schema for table_OPEC: {'VOL': 'VARCHAR', 'start_date': 'DATE', 'end_date': 'DATE'}
2025-03-30 23:43:10,214 - INFO - Schema for table_OPEC: {'VOL': 'VARCHAR', 'start_date': 'DATE', 'end_date': 'DATE'}
2025-03-30 23:43:12,744 - INFO - Schema for table_OPEC: {'VOL': 'VARCHAR', 'start_date': 'DATE', 'end_date': 'DATE'}
2025-03-30 23:43:14,433 - INFO - Schema for table_OPEC: {'VOL': 'VARCHAR', 'start_date': 'DATE', 'end_date': 'DATE'}
2025-03-30 23:43:14,461 - INFO - Fetched 0 rows from table_OPEC
2025-03-30 23:43:17,343 - INFO - Schema for table_MADMACS: {'hire_date': 'DATE', 'employee_cnt': 'INTEGER'}
2025-03-30 23:43:18,847 - INFO - Schema for table_MADMACS: {'hire_date': 'DATE', 'employee_cnt': 'INTEGER'}
2025-03-30 23:43:18,863 - INFO - Fetched 25 rows from table_MADMACS
2025-03-30 23:43:25,389 - INFO - Schema for table_MADMACS: {'hire_date': 'DATE', 'employee_cnt': 'INTEGER'}
2025-03-30 23:44:03,710 - INFO - Schema for table_MADMACS: {'hire_date': 'DATE', 'employee_cnt': 'INTEGER'}
2025-03-30 23:44:03,722 - INFO - Fetched 25 rows from table_MADMACS
2025-03-30 23:44:53,128 - INFO - Schema for table_MADMACS: {'hire_date': 'DATE', 'employee_cnt': 'INTEGER'}
2025-03-30 23:46:09,140 - INFO - Schema for table_MADMACS: {'hire_date': 'DATE', 'employee_cnt': 'INTEGER'}
2025-03-30 23:46:09,153 - INFO - Fetched 25 rows from table_MADMACS
2025-03-30 23:47:40,570 - INFO - Schema for table_OPEC: {'VOL': 'VARCHAR', 'start_date': 'DATE', 'end_date': 'DATE'}
2025-03-30 23:47:45,342 - INFO - Schema for table_MADMACS: {'hire_date': 'DATE', 'employee_cnt': 'INTEGER'}
2025-03-30 23:47:51,487 - INFO - Schema for table_MADMACS: {'hire_date': 'DATE', 'employee_cnt': 'INTEGER'}
2025-03-30 23:47:53,968 - INFO - Schema for table_MADMACS: {'hire_date': 'DATE', 'employee_cnt': 'INTEGER'}
2025-03-30 23:47:53,981 - INFO - Fetched 24 rows from table_MADMACS
2025-03-30 23:48:50,621 - INFO - Schema for table_MADMACS: {'hire_date': 'DATE', 'employee_cnt': 'INTEGER'}
2025-03-30 23:48:56,243 - INFO - Schema for table_MADMACS: {'hire_date': 'DATE', 'employee_cnt': 'INTEGER'}
2025-03-30 23:49:01,215 - INFO - Schema for table_MADMACS: {'hire_date': 'DATE', 'employee_cnt': 'INTEGER'}
2025-03-30 23:49:17,136 - INFO - Schema for table_MADMACS: {'hire_date': 'DATE', 'employee_cnt': 'INTEGER'}
2025-03-30 23:50:53,352 - INFO - Schema for table_MADMACS: {'hire_date': 'DATE', 'employee_cnt': 'INTEGER'}
2025-03-30 23:51:01,036 - INFO - Schema for table_MADMACS: {'hire_date': 'DATE', 'employee_cnt': 'INTEGER'}
2025-03-30 23:51:05,950 - INFO - Schema for table_MADMACS: {'hire_date': 'DATE', 'employee_cnt': 'INTEGER'}
2025-03-30 23:54:46,292 - INFO - Schema for table_OPEC: {'VOL': 'VARCHAR', 'start_date': 'DATE', 'end_date': 'DATE'}
2025-03-30 23:54:49,254 - INFO - Schema for table_MADMACS: {'hire_date': 'DATE', 'employee_cnt': 'INTEGER'}
2025-03-30 23:54:54,376 - INFO - Schema for table_MADMACS: {'hire_date': 'DATE', 'employee_cnt': 'INTEGER'}
2025-03-30 23:54:56,292 - INFO - Schema for table_MADMACS: {'hire_date': 'DATE', 'employee_cnt': 'INTEGER'}
2025-03-30 23:55:00,742 - INFO - Schema for table_MADMACS: {'hire_date': 'DATE', 'employee_cnt': 'INTEGER'}
2025-03-30 23:55:04,286 - INFO - Schema for table_MADMACS: {'hire_date': 'DATE', 'employee_cnt': 'INTEGER'}
2025-03-30 23:55:06,722 - INFO - Schema for table_MADMACS: {'hire_date': 'DATE', 'employee_cnt': 'INTEGER'}
2025-03-30 23:55:06,739 - INFO - Fetched 25 rows from table_MADMACS
2025-03-30 23:55:15,979 - INFO - Schema for table_MADMACS: {'hire_date': 'DATE', 'employee_cnt': 'INTEGER'}
2025-03-30 23:55:18,590 - INFO - Schema for table_MADMACS: {'hire_date': 'DATE', 'employee_cnt': 'INTEGER'}
2025-03-30 23:55:25,062 - INFO - Schema for table_MADMACS: {'hire_date': 'DATE', 'employee_cnt': 'INTEGER'}
2025-03-30 23:55:27,423 - INFO - Schema for table_MADMACS: {'hire_date': 'DATE', 'employee_cnt': 'INTEGER'}
2025-03-30 23:57:13,578 - INFO - Schema for table_MADMACS: {'hire_date': 'DATE', 'employee_cnt': 'INTEGER'}
2025-03-31 00:00:07,337 - INFO - Schema for table_OPEC: {'VOL': 'VARCHAR', 'start_date': 'DATE', 'end_date': 'DATE'}
2025-03-31 00:00:11,145 - INFO - Schema for table_EQUITIES: {'VOLUME': 'INTEGER', 'DATE': 'DATE', 'eq_TYPE': 'VARCHAR'}
2025-03-31 00:00:12,455 - INFO - Schema for table_MADMACS: {'hire_date': 'DATE', 'employee_cnt': 'INTEGER'}
2025-03-31 00:00:18,451 - INFO - Schema for table_MADMACS: {'hire_date': 'DATE', 'employee_cnt': 'INTEGER'}
2025-03-31 00:00:20,164 - INFO - Schema for table_MADMACS: {'hire_date': 'DATE', 'employee_cnt': 'INTEGER'}
2025-03-31 00:00:22,531 - INFO - Schema for table_MADMACS: {'hire_date': 'DATE', 'employee_cnt': 'INTEGER'}
2025-03-31 00:00:25,102 - INFO - Schema for table_MADMACS: {'hire_date': 'DATE', 'employee_cnt': 'INTEGER'}
2025-03-31 00:00:25,125 - ERROR - Error fetching data: 'numpy.dtypes.DateTime64DType' object has no attribute 'lower'
2025-03-31 00:00:32,900 - INFO - Schema for table_MADMACS: {'hire_date': 'DATE', 'employee_cnt': 'INTEGER'}
2025-03-31 00:00:33,869 - INFO - Schema for table_MADMACS: {'hire_date': 'DATE', 'employee_cnt': 'INTEGER'}
2025-03-31 00:00:35,000 - INFO - Schema for table_MADMACS: {'hire_date': 'DATE', 'employee_cnt': 'INTEGER'}
2025-03-31 00:00:36,327 - INFO - Schema for table_MADMACS: {'hire_date': 'DATE', 'employee_cnt': 'INTEGER'}
2025-03-31 00:00:44,537 - INFO - Schema for table_MADMACS: {'hire_date': 'DATE', 'employee_cnt': 'INTEGER'}
2025-03-31 00:00:46,104 - INFO - Schema for table_MADMACS: {'hire_date': 'DATE', 'employee_cnt': 'INTEGER'}
2025-03-31 00:00:51,018 - INFO - Schema for table_OPEC: {'VOL': 'VARCHAR', 'start_date': 'DATE', 'end_date': 'DATE'}
2025-03-31 00:01:01,393 - INFO - Schema for table_OPEC: {'VOL': 'VARCHAR', 'start_date': 'DATE', 'end_date': 'DATE'}
2025-03-31 00:01:02,519 - INFO - Schema for table_OPEC: {'VOL': 'VARCHAR', 'start_date': 'DATE', 'end_date': 'DATE'}
2025-03-31 00:01:02,537 - ERROR - Error fetching data: 'numpy.dtypes.ObjectDType' object has no attribute 'lower'
2025-03-31 00:04:36,197 - INFO - Schema for table_OPEC: {'VOL': 'VARCHAR', 'start_date': 'DATE', 'end_date': 'DATE'}
2025-03-31 00:04:38,646 - INFO - Schema for table_MADMACS: {'hire_date': 'DATE', 'employee_cnt': 'INTEGER'}
2025-03-31 00:04:43,885 - INFO - Schema for table_MADMACS: {'hire_date': 'DATE', 'employee_cnt': 'INTEGER'}
2025-03-31 00:04:46,085 - INFO - Schema for table_MADMACS: {'hire_date': 'DATE', 'employee_cnt': 'INTEGER'}
2025-03-31 00:04:48,606 - INFO - Schema for table_MADMACS: {'hire_date': 'DATE', 'employee_cnt': 'INTEGER'}
2025-03-31 00:04:51,598 - INFO - Schema for table_MADMACS: {'hire_date': 'DATE', 'employee_cnt': 'INTEGER'}
2025-03-31 00:04:51,617 - INFO - Fetched 25 rows from table_MADMACS
