2025-03-08 21:49:33 - INFO - Database engine initialized successfully.
2025-03-08 21:49:33 - INFO - Query executed successfully.
2025-03-08 21:50:45 - INFO - Query executed successfully.
2025-03-08 21:51:02 - INFO - Query executed successfully.
2025-03-08 21:51:05 - ERROR - Query error: (oracledb.exceptions.DatabaseError) ORA-00942: table or view does not exist
Help: https://docs.oracle.com/error-help/db/ora-00942/
[SQL: SELECT * FROM sales WHERE order_date BETWEEN :start_date AND :end_date]
[parameters: {'start_date': datetime.date(2023, 1, 1), 'end_date': datetime.date(2023, 12, 31)}]
(Background on this error at: https://sqlalche.me/e/20/4xp6)
2025-03-08 21:51:19 - INFO - Query executed successfully.
2025-03-08 21:52:31 - INFO - Query executed successfully.
2025-03-08 21:53:47 - INFO - Query executed successfully.
2025-03-08 22:05:53 - INFO - Query executed successfully.
2025-03-08 22:06:17 - INFO - Query executed successfully.
2025-03-08 22:15:02 - INFO - Query executed successfully.
2025-03-08 22:15:11 - INFO - Query executed successfully.
2025-03-08 22:15:16 - INFO - Query executed successfully.
2025-03-08 22:15:40 - INFO - Query executed successfully.
2025-03-08 22:16:35 - INFO - Query executed successfully.
2025-03-08 22:16:36 - INFO - Query executed successfully.
2025-03-08 22:16:38 - INFO - Query executed successfully.
2025-03-08 22:16:46 - INFO - Query executed successfully.
2025-03-08 22:16:59 - INFO - Query executed successfully.
2025-03-08 22:17:05 - INFO - Query executed successfully.
2025-03-08 22:19:01 - INFO - Query executed successfully.
2025-03-08 22:28:33 - INFO - Database engine initialized for: {'type': 'oracle', 'host': 'localhost', 'port': 1521, 'service_name': 'xepdb1', 'format': 'oracle+oracledb://{user}:{password}@{host}:{port}/?service_name={service_name}'}
2025-03-08 22:28:35 - INFO - Executed Query: select * from employees where employee_id =1  on DB: {'type': 'oracle', 'host': 'localhost', 'port': 1521, 'service_name': 'xepdb1', 'format': 'oracle+oracledb://{user}:{password}@{host}:{port}/?service_name={service_name}'}
2025-03-08 22:30:55 - INFO - Database engine initialized for: {'type': 'oracle', 'host': 'localhost', 'port': 1521, 'service_name': 'xepdb1', 'format': 'oracle+oracledb://{user}:{password}@{host}:{port}/?service_name={service_name}'}
2025-03-08 22:30:56 - INFO - Executed Query: select * from employees where 1=2 on DB: {'type': 'oracle', 'host': 'localhost', 'port': 1521, 'service_name': 'xepdb1', 'format': 'oracle+oracledb://{user}:{password}@{host}:{port}/?service_name={service_name}'}
2025-03-08 22:31:20 - INFO - Executed Query: select * from employees where rownum < 3 on DB: {'type': 'oracle', 'host': 'localhost', 'port': 1521, 'service_name': 'xepdb1', 'format': 'oracle+oracledb://{user}:{password}@{host}:{port}/?service_name={service_name}'}
2025-03-08 22:34:43 - INFO - Executed Query: select * from employees where rownum < 3 on DB: {'type': 'oracle', 'host': 'localhost', 'port': 1521, 'service_name': 'xepdb1', 'format': 'oracle+oracledb://{user}:{password}@{host}:{port}/?service_name={service_name}'}
2025-03-08 22:34:55 - INFO - Executed Query: select * from employees where rownum < 3 on DB: {'type': 'oracle', 'host': 'localhost', 'port': 1521, 'service_name': 'xepdb1', 'format': 'oracle+oracledb://{user}:{password}@{host}:{port}/?service_name={service_name}'}
2025-03-08 22:38:46 - INFO - Executed Query: select * from employees where rownum < 3 on DB: {'type': 'oracle', 'host': 'localhost', 'port': 1521, 'service_name': 'xepdb1', 'format': 'oracle+oracledb://{user}:{password}@{host}:{port}/?service_name={service_name}'}
2025-03-08 22:38:53 - INFO - Executed Query: select * from employees 
where rownum < 3 on DB: {'type': 'oracle', 'host': 'localhost', 'port': 1521, 'service_name': 'xepdb1', 'format': 'oracle+oracledb://{user}:{password}@{host}:{port}/?service_name={service_name}'}
2025-03-08 22:38:56 - INFO - Executed Query: select * from employees 
where rownum < 3 on DB: {'type': 'oracle', 'host': 'localhost', 'port': 1521, 'service_name': 'xepdb1', 'format': 'oracle+oracledb://{user}:{password}@{host}:{port}/?service_name={service_name}'}
2025-03-08 22:51:57 - INFO - Database engine initialized successfully.
2025-03-08 22:51:57 - INFO - Executing query on oracle:
select * from dual
2025-03-08 22:51:58 - INFO - Query executed successfully.
2025-03-08 22:52:25 - INFO - Executing query on oracle:
select * from dual
2025-03-08 22:52:25 - INFO - Query executed successfully.
2025-03-08 22:52:33 - INFO - Database engine initialized successfully.
2025-03-08 22:52:33 - INFO - Executing query on oracle:
select * from dual
2025-03-08 22:52:33 - INFO - Query executed successfully.
2025-03-08 22:53:12 - INFO - Executing query on oracle:
select * from dual
2025-03-08 22:53:12 - INFO - Query executed successfully.
2025-03-08 22:57:32 - INFO - Executing query on oracle:
select * from EMPLOYEES e WHERE 1=1
AND  e.EMPLOYEE_ID = 172
2025-03-08 22:57:32 - INFO - Query executed successfully.
2025-03-08 23:06:28 - INFO - Executing on oracle:
select 1 from dual
2025-03-08 23:08:29 - INFO - Executing on oracle:
select  * from employees
2025-03-08 23:09:15 - INFO - Executing on oracle:
select  * from employees
2025-03-08 23:09:53 - INFO - Executing on oracle:
select  * from employees
2025-03-08 23:10:01 - INFO - Executing on oracle:
select  * from employees WHERE 1=2
2025-03-08 23:16:32 - INFO - Executing on oracle:
select  * from employees WHERE 1=2
2025-03-08 23:16:46 - INFO - Executing on oracle:
select  * from employees WHERE 1=2
2025-03-08 23:17:38 - INFO - Executing on oracle:
select  * from employees WHERE 1=2
2025-03-08 23:17:52 - INFO - Executing on oracle:
select  * from employees WHERE rownum < 12
2025-03-08 23:18:12 - INFO - Executing on oracle:
select  * from employees WHERE rownum < 12
2025-03-08 23:22:11 - INFO - Executing on oracle:
select * from employees where rownum < 12
2025-03-08 23:22:37 - INFO - Executing on oracle:
select * from employees where rownum < 12
2025-03-08 23:22:50 - INFO - Executing on oracle:
select * from employees where rownum < 12
2025-03-08 23:25:41 - INFO - Executing on oracle:
select * from employees where rownum < 12
2025-03-08 23:25:43 - INFO - Executing on oracle:
select * from employees where rownum < 12
2025-03-08 23:32:38 - INFO - Database engine initialized for: {'type': 'oracle', 'host': 'localhost', 'port': 1521, 'service_name': 'xepdb1', 'format': 'oracle+oracledb://{user}:{password}@{host}:{port}/?service_name={service_name}'}
2025-03-08 23:32:38 - INFO - Executed Query: select * from dual on DB: {'type': 'oracle', 'host': 'localhost', 'port': 1521, 'service_name': 'xepdb1', 'format': 'oracle+oracledb://{user}:{password}@{host}:{port}/?service_name={service_name}'}
2025-03-08 23:32:52 - INFO - Executed Query: select * from EMPLOYEES e WHERE 1=1
AND  e.EMPLOYEE_ID = 172 on DB: {'type': 'oracle', 'host': 'localhost', 'port': 1521, 'service_name': 'xepdb1', 'format': 'oracle+oracledb://{user}:{password}@{host}:{port}/?service_name={service_name}'}
2025-03-08 23:32:55 - INFO - Executed Query: select * from EMPLOYEES e WHERE 1=1
AND  e.EMPLOYEE_ID = 172 on DB: {'type': 'oracle', 'host': 'localhost', 'port': 1521, 'service_name': 'xepdb1', 'format': 'oracle+oracledb://{user}:{password}@{host}:{port}/?service_name={service_name}'}
2025-03-08 23:33:00 - INFO - Executed Query: select * from EMPLOYEES e WHERE 1=1
AND  e.EMPLOYEE_ID = 172 on DB: {'type': 'oracle', 'host': 'localhost', 'port': 1521, 'service_name': 'xepdb1', 'format': 'oracle+oracledb://{user}:{password}@{host}:{port}/?service_name={service_name}'}
2025-03-08 23:33:09 - INFO - Executed Query: select * from EMPLOYEES e WHERE 1=1
AND  e.EMPLOYEE_ID = 172 on DB: {'type': 'oracle', 'host': 'localhost', 'port': 1521, 'service_name': 'xepdb1', 'format': 'oracle+oracledb://{user}:{password}@{host}:{port}/?service_name={service_name}'}
2025-03-08 23:34:11 - INFO - Executed Query: select * from EMPLOYEES e WHERE 1=1
AND  e.EMPLOYEE_ID = 172 on DB: {'type': 'oracle', 'host': 'localhost', 'port': 1521, 'service_name': 'xepdb1', 'format': 'oracle+oracledb://{user}:{password}@{host}:{port}/?service_name={service_name}'}
2025-03-08 23:37:20 - INFO - Executing on oracle:
select 1 from dual
2025-03-08 23:38:14 - INFO - Executing on oracle:
select 1 from dual
2025-03-08 23:56:55 - INFO - Database engine initialized for: {'type': 'oracle', 'host': 'localhost', 'port': 1521, 'service_name': 'xepdb1', 'format': 'oracle+oracledb://{user}:{password}@{host}:{port}/?service_name={service_name}'}
2025-03-08 23:56:55 - ERROR - Query error: (oracledb.exceptions.DatabaseError) ORA-00936: missing expression
Help: https://docs.oracle.com/error-help/db/ora-00936/
[SQL: select * from employees where
1-=1
and 0=0
]
(Background on this error at: https://sqlalche.me/e/20/4xp6)
2025-03-08 23:56:58 - ERROR - Query error: (oracledb.exceptions.DatabaseError) ORA-00936: missing expression
Help: https://docs.oracle.com/error-help/db/ora-00936/
[SQL: select * from employees where
1-=1
and 0=0
]
(Background on this error at: https://sqlalche.me/e/20/4xp6)
2025-03-08 23:57:04 - INFO - Executed Query: select * from employees where
1=1
and 0=0
 on DB: {'type': 'oracle', 'host': 'localhost', 'port': 1521, 'service_name': 'xepdb1', 'format': 'oracle+oracledb://{user}:{password}@{host}:{port}/?service_name={service_name}'}
2025-03-08 23:57:22 - INFO - Executed Query: select * from EMPLOYEES e WHERE 1=1
AND  e.EMPLOYEE_ID = 172 on DB: {'type': 'oracle', 'host': 'localhost', 'port': 1521, 'service_name': 'xepdb1', 'format': 'oracle+oracledb://{user}:{password}@{host}:{port}/?service_name={service_name}'}
2025-03-08 23:57:29 - INFO - Executed Query: select * from employees e 
where employee_id =2 on DB: {'type': 'oracle', 'host': 'localhost', 'port': 1521, 'service_name': 'xepdb1', 'format': 'oracle+oracledb://{user}:{password}@{host}:{port}/?service_name={service_name}'}
2025-03-08 23:57:39 - INFO - Executed Query: select * from employees e 
where employee_id =123 on DB: {'type': 'oracle', 'host': 'localhost', 'port': 1521, 'service_name': 'xepdb1', 'format': 'oracle+oracledb://{user}:{password}@{host}:{port}/?service_name={service_name}'}
2025-03-08 23:57:46 - INFO - Executed Query: select * from employees e 
where employee_id =3 on DB: {'type': 'oracle', 'host': 'localhost', 'port': 1521, 'service_name': 'xepdb1', 'format': 'oracle+oracledb://{user}:{password}@{host}:{port}/?service_name={service_name}'}
2025-03-08 23:57:51 - INFO - Executed Query: select * from employees e 
where employee_id =3 on DB: {'type': 'oracle', 'host': 'localhost', 'port': 1521, 'service_name': 'xepdb1', 'format': 'oracle+oracledb://{user}:{password}@{host}:{port}/?service_name={service_name}'}
2025-03-08 23:57:54 - INFO - Executed Query: select * from employees e 
where employee_id =3 on DB: {'type': 'oracle', 'host': 'localhost', 'port': 1521, 'service_name': 'xepdb1', 'format': 'oracle+oracledb://{user}:{password}@{host}:{port}/?service_name={service_name}'}
2025-03-08 23:58:00 - INFO - Executed Query: select * from employees e 
where employee_id =678 on DB: {'type': 'oracle', 'host': 'localhost', 'port': 1521, 'service_name': 'xepdb1', 'format': 'oracle+oracledb://{user}:{password}@{host}:{port}/?service_name={service_name}'}
2025-03-08 23:58:08 - INFO - Executed Query: select * from employees e 
where employee_id =678 on DB: {'type': 'oracle', 'host': 'localhost', 'port': 1521, 'service_name': 'xepdb1', 'format': 'oracle+oracledb://{user}:{password}@{host}:{port}/?service_name={service_name}'}
2025-03-08 23:58:15 - INFO - Executed Query: select * from employees e 
where employee_id > 678 on DB: {'type': 'oracle', 'host': 'localhost', 'port': 1521, 'service_name': 'xepdb1', 'format': 'oracle+oracledb://{user}:{password}@{host}:{port}/?service_name={service_name}'}
2025-03-08 23:58:16 - INFO - Executed Query: select * from employees e 
where employee_id > 678 on DB: {'type': 'oracle', 'host': 'localhost', 'port': 1521, 'service_name': 'xepdb1', 'format': 'oracle+oracledb://{user}:{password}@{host}:{port}/?service_name={service_name}'}
2025-03-08 23:58:22 - INFO - Executed Query: select * from employees e 
where employee_id > 123 on DB: {'type': 'oracle', 'host': 'localhost', 'port': 1521, 'service_name': 'xepdb1', 'format': 'oracle+oracledb://{user}:{password}@{host}:{port}/?service_name={service_name}'}
2025-03-08 23:58:43 - INFO - Executed Query: select * from employees e 
where employee_id > 123 on DB: {'type': 'oracle', 'host': 'localhost', 'port': 1521, 'service_name': 'xepdb1', 'format': 'oracle+oracledb://{user}:{password}@{host}:{port}/?service_name={service_name}'}
2025-03-08 23:58:53 - INFO - Executed Query: select * from employees e 
where employee_id =123 on DB: {'type': 'oracle', 'host': 'localhost', 'port': 1521, 'service_name': 'xepdb1', 'format': 'oracle+oracledb://{user}:{password}@{host}:{port}/?service_name={service_name}'}
2025-03-09 00:08:10 - INFO - Database engine initialized for: {'type': 'oracle', 'host': 'localhost', 'port': 1521, 'service_name': 'xepdb1', 'format': 'oracle+oracledb://{user}:{password}@{host}:{port}/?service_name={service_name}'}
2025-03-09 00:08:10 - INFO - Executed Query: select * from employees on DB: {'type': 'oracle', 'host': 'localhost', 'port': 1521, 'service_name': 'xepdb1', 'format': 'oracle+oracledb://{user}:{password}@{host}:{port}/?service_name={service_name}'}
2025-03-09 00:15:53 - INFO - Database engine initialized for: {'type': 'oracle', 'host': 'localhost', 'port': 1521, 'service_name': 'xepdb1', 'format': 'oracle+oracledb://{user}:{password}@{host}:{port}/?service_name={service_name}'}
2025-03-09 00:15:53 - INFO - Executed Query: select * from employees where rownum < 30 on DB: {'type': 'oracle', 'host': 'localhost', 'port': 1521, 'service_name': 'xepdb1', 'format': 'oracle+oracledb://{user}:{password}@{host}:{port}/?service_name={service_name}'}
2025-03-09 00:16:21 - INFO - Executed Query: select * from EMPLOYEES e WHERE 1=1
AND  e.EMPLOYEE_ID = 172 on DB: {'type': 'oracle', 'host': 'localhost', 'port': 1521, 'service_name': 'xepdb1', 'format': 'oracle+oracledb://{user}:{password}@{host}:{port}/?service_name={service_name}'}
2025-03-09 00:16:25 - INFO - Executed Query: select * from employees e 
where employee_id =123 on DB: {'type': 'oracle', 'host': 'localhost', 'port': 1521, 'service_name': 'xepdb1', 'format': 'oracle+oracledb://{user}:{password}@{host}:{port}/?service_name={service_name}'}
2025-03-09 00:16:41 - INFO - Executed Query: select * from employees where rownum < 30 on DB: {'type': 'oracle', 'host': 'localhost', 'port': 1521, 'service_name': 'xepdb1', 'format': 'oracle+oracledb://{user}:{password}@{host}:{port}/?service_name={service_name}'}
2025-03-09 00:16:54 - ERROR - Query error: (oracledb.exceptions.DatabaseError) ORA-00904: "ROWUM": invalid identifier
Help: https://docs.oracle.com/error-help/db/ora-00904/
[SQL: select * from employees where rowum < 30]
(Background on this error at: https://sqlalche.me/e/20/4xp6)
2025-03-09 00:17:12 - INFO - Executed Query: select * from EMPLOYEES e WHERE 1=1
AND  e.EMPLOYEE_ID = 172 on DB: {'type': 'oracle', 'host': 'localhost', 'port': 1521, 'service_name': 'xepdb1', 'format': 'oracle+oracledb://{user}:{password}@{host}:{port}/?service_name={service_name}'}
2025-03-09 00:17:15 - INFO - Executed Query: select * from employees e 
where employee_id =123 on DB: {'type': 'oracle', 'host': 'localhost', 'port': 1521, 'service_name': 'xepdb1', 'format': 'oracle+oracledb://{user}:{password}@{host}:{port}/?service_name={service_name}'}
2025-03-09 00:31:27 - ERROR - Query error: (oracledb.exceptions.DatabaseError) ORA-00904: "ROWUM": invalid identifier
Help: https://docs.oracle.com/error-help/db/ora-00904/
[SQL: select * from employees where rowum < 30]
(Background on this error at: https://sqlalche.me/e/20/4xp6)
2025-03-09 00:31:36 - INFO - Executed Query: select * from employees where rownum < 30 on DB: {'type': 'oracle', 'host': 'localhost', 'port': 1521, 'service_name': 'xepdb1', 'format': 'oracle+oracledb://{user}:{password}@{host}:{port}/?service_name={service_name}'}
2025-03-09 00:31:58 - INFO - Executed Query: select * from employees where rownum < 30 on DB: {'type': 'oracle', 'host': 'localhost', 'port': 1521, 'service_name': 'xepdb1', 'format': 'oracle+oracledb://{user}:{password}@{host}:{port}/?service_name={service_name}'}
2025-03-09 00:32:06 - INFO - Executed Query: select * from employees where rownum < 30 on DB: {'type': 'oracle', 'host': 'localhost', 'port': 1521, 'service_name': 'xepdb1', 'format': 'oracle+oracledb://{user}:{password}@{host}:{port}/?service_name={service_name}'}
